Using pre-set license
Built from '2021.1/staging' branch; Version is '2021.1.0b5 (37f46e59aab7) revision 3667054'; Using compiler version '192528614'; Build Type 'Release'
OS: 'Windows 10 Home; OS build 18363.959; Version 1909; 64bit' Language: 'en' Physical Memory: 8032 MB
BatchMode: 1, IsHumanControllingUs: 0, StartBugReporterOnCrash: 0, Is64bit: 1, IsPro: 0

 COMMAND LINE ARGUMENTS:
C:\Program Files\Unity\Hub\Editor\2021.1.0b5\Editor\Unity.exe
-adb2
-batchMode
-noUpm
-name
AssetImportWorker1
-projectPath
C:/Users/Arhin/Documents/GitHub/UI Tools
-logFile
Logs/AssetImportWorker1.log
-srvPort
56697
Successfully changed project path to: C:/Users/Arhin/Documents/GitHub/UI Tools
C:/Users/Arhin/Documents/GitHub/UI Tools
Using Asset Import Pipeline V2.
Refreshing native plugins compatible for Editor in 95.16 ms, found 1 plugins.
Preloading 0 native plugins for Editor in 0.00 ms.
Initialize engine version: 2021.1.0b5 (37f46e59aab7)
[Subsystems] Discovering subsystems at path C:/Program Files/Unity/Hub/Editor/2021.1.0b5/Editor/Data/Resources/UnitySubsystems
[Subsystems] Discovering subsystems at path C:/Users/Arhin/Documents/GitHub/UI Tools/Assets
GfxDevice: creating device client; threaded=0; jobified=0
Direct3D:
    Version:  Direct3D 11.0 [level 11.1]
    Renderer: NVIDIA GeForce GTX 1660 Ti with Max-Q Design (ID=0x2191)
    Vendor:   NVIDIA
    VRAM:     5991 MB
    Driver:   27.21.14.5122
Initialize mono
Mono path[0] = 'C:/Program Files/Unity/Hub/Editor/2021.1.0b5/Editor/Data/Managed'
Mono path[1] = 'C:/Program Files/Unity/Hub/Editor/2021.1.0b5/Editor/Data/MonoBleedingEdge/lib/mono/unityjit'
Mono config path = 'C:/Program Files/Unity/Hub/Editor/2021.1.0b5/Editor/Data/MonoBleedingEdge/etc'
Using monoOptions --debugger-agent=transport=dt_socket,embedding=1,server=y,suspend=n,address=127.0.0.1:56636
Begin MonoManager ReloadAssembly
Registering precompiled unity dll's ...
Register platform support module: C:/Program Files/Unity/Hub/Editor/2021.1.0b5/Editor/Data/PlaybackEngines/WebGLSupport/UnityEditor.WebGL.Extensions.dll
Register platform support module: C:/Program Files/Unity/Hub/Editor/2021.1.0b5/Editor/Data/PlaybackEngines/WindowsStandaloneSupport/UnityEditor.WindowsStandalone.Extensions.dll
Registered in 0.002027 seconds.
Native extension for WindowsStandalone target not found
Native extension for WebGL target not found
Refreshing native plugins compatible for Editor in 74.95 ms, found 1 plugins.
Preloading 0 native plugins for Editor in 0.00 ms.
Mono: successfully reloaded assembly
- Completed reload, in  2.716 seconds
Platform modules already initialized, skipping
Registering precompiled user dll's ...
Registered in 0.003302 seconds.
Begin MonoManager ReloadAssembly
Native extension for WindowsStandalone target not found
Native extension for WebGL target not found
Refreshing native plugins compatible for Editor in 0.57 ms, found 1 plugins.
Preloading 0 native plugins for Editor in 0.00 ms.
Mono: successfully reloaded assembly
- Completed reload, in  0.890 seconds
Platform modules already initialized, skipping
========================================================================
Worker process is ready to serve import requests
Launched and connected shader compiler UnityShaderCompiler.exe after 0.07 seconds
Refreshing native plugins compatible for Editor in 0.49 ms, found 1 plugins.
Preloading 0 native plugins for Editor in 0.00 ms.
Unloading 2739 Unused Serialized files (Serialized files now loaded: 0)
System memory in use before: 234.2 MB.
System memory in use after: 234.3 MB.

Unloading 15 unused Assets to reduce memory usage. Loaded Objects now: 3189.
Total: 2.094500 ms (FindLiveObjects: 0.227300 ms CreateObjectMapping: 0.115400 ms MarkObjects: 1.682300 ms  DeleteObjects: 0.068900 ms)

========================================================================
Received Import Request.
  path: Assets/UI Tools/Tooltip/Prefab/Tooltip.prefab
  artifactKey: Guid(b7cf43ebddcf68e4181aab269e9bedbc) Importer(815301076,1909f56bfc062723c751e8b465ee728b)
Start importing Assets/UI Tools/Tooltip/Prefab/Tooltip.prefab using Guid(b7cf43ebddcf68e4181aab269e9bedbc) Importer(815301076,1909f56bfc062723c751e8b465ee728b)  -> (artifact id: 'ba94f0534056a126846a392128a0a1d7') in 0.117458 seconds 
========================================================================
Received Import Request.
  Time since last request: 0.015143 seconds.
  path: Assets/UI Tools/Tooltip/Prefab/Canvas.prefab
  artifactKey: Guid(c3ffe31fa00ecbb498cc27fd2f88afb2) Importer(815301076,1909f56bfc062723c751e8b465ee728b)
Start importing Assets/UI Tools/Tooltip/Prefab/Canvas.prefab using Guid(c3ffe31fa00ecbb498cc27fd2f88afb2) Importer(815301076,1909f56bfc062723c751e8b465ee728b)  -> (artifact id: 'e944d8a628128ccdabdc6aeb260dbca1') in 0.030867 seconds 
========================================================================
Received Import Request.
  Time since last request: 10.573830 seconds.
  path: Assets/UI Tools/Tooltip/Prefab/TooltipCanvas.prefab
  artifactKey: Guid(c3ffe31fa00ecbb498cc27fd2f88afb2) Importer(815301076,1909f56bfc062723c751e8b465ee728b)
Start importing Assets/UI Tools/Tooltip/Prefab/TooltipCanvas.prefab using Guid(c3ffe31fa00ecbb498cc27fd2f88afb2) Importer(815301076,1909f56bfc062723c751e8b465ee728b)  -> (artifact id: '91236c4d251a206f12611bafc7e970ca') in 0.034256 seconds 
========================================================================
Received Import Request.
  Time since last request: 14.344957 seconds.
  path: Assets/UI Tools/Bar/Test.unity
  artifactKey: Guid(fbdc526a4b499444e9771b5393bd2c33) Importer(815301076,1909f56bfc062723c751e8b465ee728b)
Start importing Assets/UI Tools/Bar/Test.unity using Guid(fbdc526a4b499444e9771b5393bd2c33) Importer(815301076,1909f56bfc062723c751e8b465ee728b)  -> (artifact id: '0fd7956aadae7f1d57357d200fadb604') in 0.002664 seconds 
========================================================================
Received Prepare
Registering precompiled user dll's ...
Registered in 0.003043 seconds.
Begin MonoManager ReloadAssembly
Native extension for WindowsStandalone target not found
Native extension for WebGL target not found
Refreshing native plugins compatible for Editor in 0.68 ms, found 1 plugins.
Preloading 0 native plugins for Editor in 0.00 ms.
Mono: successfully reloaded assembly
- Completed reload, in  0.806 seconds
Platform modules already initialized, skipping
Refreshing native plugins compatible for Editor in 0.54 ms, found 1 plugins.
Preloading 0 native plugins for Editor in 0.00 ms.
Unloading 2720 Unused Serialized files (Serialized files now loaded: 0)
System memory in use before: 233.4 MB.
System memory in use after: 233.6 MB.

Unloading 10 unused Assets to reduce memory usage. Loaded Objects now: 3191.
Total: 1.984900 ms (FindLiveObjects: 0.222400 ms CreateObjectMapping: 0.119400 ms MarkObjects: 1.603200 ms  DeleteObjects: 0.038900 ms)

========================================================================
Received Import Request.
  Time since last request: 75.748827 seconds.
  path: Assets/UI Tools/Tooltip/TestTooltip.unity
  artifactKey: Guid(aa7d042e4ccc4474ab8e365ddf8ad422) Importer(815301076,1909f56bfc062723c751e8b465ee728b)
Start importing Assets/UI Tools/Tooltip/TestTooltip.unity using Guid(aa7d042e4ccc4474ab8e365ddf8ad422) Importer(815301076,1909f56bfc062723c751e8b465ee728b)  -> (artifact id: '72a9550cb1f64aa786faee9b1253eee6') in 0.018197 seconds 
========================================================================
Received Prepare
Registering precompiled user dll's ...
Registered in 0.003015 seconds.
Begin MonoManager ReloadAssembly
Native extension for WindowsStandalone target not found
Native extension for WebGL target not found
Refreshing native plugins compatible for Editor in 0.48 ms, found 1 plugins.
Preloading 0 native plugins for Editor in 0.00 ms.
Mono: successfully reloaded assembly
- Completed reload, in  0.793 seconds
Platform modules already initialized, skipping
Refreshing native plugins compatible for Editor in 0.71 ms, found 1 plugins.
Preloading 0 native plugins for Editor in 0.00 ms.
Unloading 2720 Unused Serialized files (Serialized files now loaded: 0)
System memory in use before: 233.4 MB.
System memory in use after: 233.6 MB.

Unloading 10 unused Assets to reduce memory usage. Loaded Objects now: 3193.
Total: 2.395100 ms (FindLiveObjects: 0.281800 ms CreateObjectMapping: 0.137800 ms MarkObjects: 1.930800 ms  DeleteObjects: 0.043900 ms)

========================================================================
Received Import Request.
  Time since last request: 96.158554 seconds.
  path: Assets/UI Tools/Bar/Test.unity
  artifactKey: Guid(fbdc526a4b499444e9771b5393bd2c33) Importer(815301076,1909f56bfc062723c751e8b465ee728b)
Start importing Assets/UI Tools/Bar/Test.unity using Guid(fbdc526a4b499444e9771b5393bd2c33) Importer(815301076,1909f56bfc062723c751e8b465ee728b)  -> (artifact id: 'ba4b428e2c0f239389617e12284b1984') in 0.012946 seconds 
========================================================================
Received Prepare
Registering precompiled user dll's ...
Registered in 0.003131 seconds.
Begin MonoManager ReloadAssembly
Native extension for WindowsStandalone target not found
Native extension for WebGL target not found
Refreshing native plugins compatible for Editor in 0.47 ms, found 1 plugins.
Preloading 0 native plugins for Editor in 0.00 ms.
Mono: successfully reloaded assembly
- Completed reload, in  0.784 seconds
Platform modules already initialized, skipping
Refreshing native plugins compatible for Editor in 0.52 ms, found 1 plugins.
Preloading 0 native plugins for Editor in 0.00 ms.
Unloading 2720 Unused Serialized files (Serialized files now loaded: 0)
System memory in use before: 233.5 MB.
System memory in use after: 233.7 MB.

Unloading 10 unused Assets to reduce memory usage. Loaded Objects now: 3195.
Total: 1.825200 ms (FindLiveObjects: 0.223100 ms CreateObjectMapping: 0.132500 ms MarkObjects: 1.429200 ms  DeleteObjects: 0.039500 ms)

========================================================================
Received Prepare
Registering precompiled user dll's ...
Registered in 0.004444 seconds.
Begin MonoManager ReloadAssembly
Native extension for WindowsStandalone target not found
Native extension for WebGL target not found
Refreshing native plugins compatible for Editor in 0.64 ms, found 1 plugins.
Preloading 0 native plugins for Editor in 0.00 ms.
Mono: successfully reloaded assembly
- Completed reload, in  1.020 seconds
Platform modules already initialized, skipping
Refreshing native plugins compatible for Editor in 1.37 ms, found 1 plugins.
Preloading 0 native plugins for Editor in 0.00 ms.
Unloading 2720 Unused Serialized files (Serialized files now loaded: 0)
System memory in use before: 233.6 MB.
System memory in use after: 233.8 MB.

Unloading 10 unused Assets to reduce memory usage. Loaded Objects now: 3197.
Total: 2.816800 ms (FindLiveObjects: 0.279500 ms CreateObjectMapping: 0.139200 ms MarkObjects: 2.348700 ms  DeleteObjects: 0.048300 ms)

========================================================================
Received Prepare
Registering precompiled user dll's ...
Registered in 0.003184 seconds.
Begin MonoManager ReloadAssembly
Native extension for WindowsStandalone target not found
Native extension for WebGL target not found
Refreshing native plugins compatible for Editor in 0.49 ms, found 1 plugins.
Preloading 0 native plugins for Editor in 0.00 ms.
Mono: successfully reloaded assembly
- Completed reload, in  0.833 seconds
Platform modules already initialized, skipping
Refreshing native plugins compatible for Editor in 0.47 ms, found 1 plugins.
Preloading 0 native plugins for Editor in 0.00 ms.
Unloading 2720 Unused Serialized files (Serialized files now loaded: 0)
System memory in use before: 233.6 MB.
System memory in use after: 233.8 MB.

Unloading 10 unused Assets to reduce memory usage. Loaded Objects now: 3199.
Total: 2.357700 ms (FindLiveObjects: 0.273600 ms CreateObjectMapping: 0.142200 ms MarkObjects: 1.883700 ms  DeleteObjects: 0.057500 ms)

AssetImportWorkerClient::OnTransportError - code=2 error=End of file
