Using pre-set license
Built from '2021.1/staging' branch; Version is '2021.1.0b5 (37f46e59aab7) revision 3667054'; Using compiler version '192528614'; Build Type 'Release'
OS: 'Windows 10 Home; OS build 18363.959; Version 1909; 64bit' Language: 'en' Physical Memory: 8032 MB
BatchMode: 1, IsHumanControllingUs: 0, StartBugReporterOnCrash: 0, Is64bit: 1, IsPro: 0

 COMMAND LINE ARGUMENTS:
C:\Program Files\Unity\Hub\Editor\2021.1.0b5\Editor\Unity.exe
-adb2
-batchMode
-noUpm
-name
AssetImportWorker0
-projectPath
C:/Users/Arhin/Documents/GitHub/UI Tools
-logFile
Logs/AssetImportWorker0.log
-srvPort
61029
Successfully changed project path to: C:/Users/Arhin/Documents/GitHub/UI Tools
C:/Users/Arhin/Documents/GitHub/UI Tools
Using Asset Import Pipeline V2.
Refreshing native plugins compatible for Editor in 79.17 ms, found 1 plugins.
Preloading 0 native plugins for Editor in 0.00 ms.
Initialize engine version: 2021.1.0b5 (37f46e59aab7)
[Subsystems] Discovering subsystems at path C:/Program Files/Unity/Hub/Editor/2021.1.0b5/Editor/Data/Resources/UnitySubsystems
[Subsystems] Discovering subsystems at path C:/Users/Arhin/Documents/GitHub/UI Tools/Assets
GfxDevice: creating device client; threaded=0; jobified=0
Direct3D:
    Version:  Direct3D 11.0 [level 11.1]
    Renderer: NVIDIA GeForce GTX 1660 Ti with Max-Q Design (ID=0x2191)
    Vendor:   NVIDIA
    VRAM:     5991 MB
    Driver:   27.21.14.5122
Initialize mono
Mono path[0] = 'C:/Program Files/Unity/Hub/Editor/2021.1.0b5/Editor/Data/Managed'
Mono path[1] = 'C:/Program Files/Unity/Hub/Editor/2021.1.0b5/Editor/Data/MonoBleedingEdge/lib/mono/unityjit'
Mono config path = 'C:/Program Files/Unity/Hub/Editor/2021.1.0b5/Editor/Data/MonoBleedingEdge/etc'
Using monoOptions --debugger-agent=transport=dt_socket,embedding=1,server=y,suspend=n,address=127.0.0.1:56848
Begin MonoManager ReloadAssembly
Registering precompiled unity dll's ...
Register platform support module: C:/Program Files/Unity/Hub/Editor/2021.1.0b5/Editor/Data/PlaybackEngines/WebGLSupport/UnityEditor.WebGL.Extensions.dll
Register platform support module: C:/Program Files/Unity/Hub/Editor/2021.1.0b5/Editor/Data/PlaybackEngines/WindowsStandaloneSupport/UnityEditor.WindowsStandalone.Extensions.dll
Registered in 0.002213 seconds.
Native extension for WindowsStandalone target not found
Native extension for WebGL target not found
Refreshing native plugins compatible for Editor in 77.65 ms, found 1 plugins.
Preloading 0 native plugins for Editor in 0.00 ms.
Mono: successfully reloaded assembly
- Completed reload, in  1.228 seconds
Platform modules already initialized, skipping
Registering precompiled user dll's ...
Registered in 0.003057 seconds.
Begin MonoManager ReloadAssembly
Native extension for WindowsStandalone target not found
Native extension for WebGL target not found
Refreshing native plugins compatible for Editor in 0.46 ms, found 1 plugins.
Preloading 0 native plugins for Editor in 0.00 ms.
Mono: successfully reloaded assembly
- Completed reload, in  0.871 seconds
Platform modules already initialized, skipping
========================================================================
Worker process is ready to serve import requests
Launched and connected shader compiler UnityShaderCompiler.exe after 0.05 seconds
Refreshing native plugins compatible for Editor in 0.47 ms, found 1 plugins.
Preloading 0 native plugins for Editor in 0.00 ms.
Unloading 2739 Unused Serialized files (Serialized files now loaded: 0)
System memory in use before: 234.1 MB.
System memory in use after: 234.2 MB.

Unloading 15 unused Assets to reduce memory usage. Loaded Objects now: 3189.
Total: 2.074300 ms (FindLiveObjects: 0.222600 ms CreateObjectMapping: 0.111800 ms MarkObjects: 1.671700 ms  DeleteObjects: 0.067600 ms)

========================================================================
Received Import Request.
  path: Assets/UI Tools/Bar/Test.unity
  artifactKey: Guid(fbdc526a4b499444e9771b5393bd2c33) Importer(815301076,1909f56bfc062723c751e8b465ee728b)
Start importing Assets/UI Tools/Bar/Test.unity using Guid(fbdc526a4b499444e9771b5393bd2c33) Importer(815301076,1909f56bfc062723c751e8b465ee728b)  -> (artifact id: 'aef0a348417454a8362b766fd6c34fbf') in 0.014947 seconds 
========================================================================
Received Import Request.
  Time since last request: 9.544828 seconds.
  path: Assets/UI Tools/Tooltip/Prefab/Tooltip.prefab
  artifactKey: Guid(b7cf43ebddcf68e4181aab269e9bedbc) Importer(815301076,1909f56bfc062723c751e8b465ee728b)
Start importing Assets/UI Tools/Tooltip/Prefab/Tooltip.prefab using Guid(b7cf43ebddcf68e4181aab269e9bedbc) Importer(815301076,1909f56bfc062723c751e8b465ee728b)  -> (artifact id: 'a8421ae3be38471e2b724e5dd7651247') in 0.109147 seconds 
========================================================================
Received Import Request.
  Time since last request: 7.566846 seconds.
  path: Assets/UI Tools/Tooltip/Prefab/TooltipCanvas.prefab
  artifactKey: Guid(c3ffe31fa00ecbb498cc27fd2f88afb2) Importer(815301076,1909f56bfc062723c751e8b465ee728b)
Start importing Assets/UI Tools/Tooltip/Prefab/TooltipCanvas.prefab using Guid(c3ffe31fa00ecbb498cc27fd2f88afb2) Importer(815301076,1909f56bfc062723c751e8b465ee728b)  -> (artifact id: '6f5a0af9113d5d4c9871b5f165f10630') in 0.027294 seconds 
========================================================================
Received Prepare
Refreshing native plugins compatible for Editor in 1.98 ms, found 1 plugins.
Preloading 0 native plugins for Editor in 0.00 ms.
Unloading 8 Unused Serialized files (Serialized files now loaded: 0)
System memory in use before: 180.4 MB.
System memory in use after: 180.6 MB.

Unloading 8 unused Assets to reduce memory usage. Loaded Objects now: 3189.
Total: 2.648000 ms (FindLiveObjects: 0.234500 ms CreateObjectMapping: 0.123600 ms MarkObjects: 2.230700 ms  DeleteObjects: 0.058400 ms)

========================================================================
Received Prepare
Registering precompiled user dll's ...
Registered in 0.003175 seconds.
Begin MonoManager ReloadAssembly
Native extension for WindowsStandalone target not found
Native extension for WebGL target not found
Refreshing native plugins compatible for Editor in 0.47 ms, found 1 plugins.
Preloading 0 native plugins for Editor in 0.00 ms.
Mono: successfully reloaded assembly
- Completed reload, in  0.827 seconds
Platform modules already initialized, skipping
Refreshing native plugins compatible for Editor in 0.48 ms, found 1 plugins.
Preloading 0 native plugins for Editor in 0.00 ms.
Unloading 2720 Unused Serialized files (Serialized files now loaded: 0)
System memory in use before: 233.4 MB.
System memory in use after: 233.6 MB.

Unloading 10 unused Assets to reduce memory usage. Loaded Objects now: 3191.
Total: 2.108500 ms (FindLiveObjects: 0.224400 ms CreateObjectMapping: 0.129400 ms MarkObjects: 1.712700 ms  DeleteObjects: 0.041000 ms)

========================================================================
Received Import Request.
  Time since last request: 272.093553 seconds.
  path: Assets/UI Tools/Tooltip/Prefab/Tooltip.prefab
  artifactKey: Guid(b7cf43ebddcf68e4181aab269e9bedbc) Importer(815301076,1909f56bfc062723c751e8b465ee728b)
Start importing Assets/UI Tools/Tooltip/Prefab/Tooltip.prefab using Guid(b7cf43ebddcf68e4181aab269e9bedbc) Importer(815301076,1909f56bfc062723c751e8b465ee728b)  -> (artifact id: '0e0aadcb6e0c21ec6830c9af23af075d') in 0.079589 seconds 
